<?xml version="1.0" encoding="UTF-8"?>
<testsuite xmlns:xsi="http://www.w3.org/2001/XMLSchema-instance" xsi:noNamespaceSchemaLocation="https://maven.apache.org/surefire/maven-surefire-plugin/xsd/surefire-test-report.xsd" name="com.example.springrabbitmqhelloworld.SpringRabbitmqHelloworldApplicationTests" time="2.325" tests="1" errors="0" skipped="0" failures="0">
  <properties>
    <property name="gopherProxySet" value="false"/>
    <property name="awt.toolkit" value="sun.lwawt.macosx.LWCToolkit"/>
    <property name="java.specification.version" value="11"/>
    <property name="sun.cpu.isalist" value=""/>
    <property name="sun.jnu.encoding" value="UTF-8"/>
    <property name="java.class.path" value="/Users/sadhanaindukuri/Desktop/labs/cmpe172-sadhanaindu/labs/lab9/spring-rabbitmq-helloworld/target/test-classes:/Users/sadhanaindukuri/Desktop/labs/cmpe172-sadhanaindu/labs/lab9/spring-rabbitmq-helloworld/target/classes:/Users/sadhanaindukuri/.m2/repository/org/springframework/boot/spring-boot-starter-amqp/2.6.6/spring-boot-starter-amqp-2.6.6.jar:/Users/sadhanaindukuri/.m2/repository/org/springframework/boot/spring-boot-starter/2.6.6/spring-boot-starter-2.6.6.jar:/Users/sadhanaindukuri/.m2/repository/org/springframework/boot/spring-boot/2.6.6/spring-boot-2.6.6.jar:/Users/sadhanaindukuri/.m2/repository/org/springframework/boot/spring-boot-autoconfigure/2.6.6/spring-boot-autoconfigure-2.6.6.jar:/Users/sadhanaindukuri/.m2/repository/org/springframework/boot/spring-boot-starter-logging/2.6.6/spring-boot-starter-logging-2.6.6.jar:/Users/sadhanaindukuri/.m2/repository/ch/qos/logback/logback-classic/1.2.11/logback-classic-1.2.11.jar:/Users/sadhanaindukuri/.m2/repository/ch/qos/logback/logback-core/1.2.11/logback-core-1.2.11.jar:/Users/sadhanaindukuri/.m2/repository/org/apache/logging/log4j/log4j-to-slf4j/2.17.2/log4j-to-slf4j-2.17.2.jar:/Users/sadhanaindukuri/.m2/repository/org/apache/logging/log4j/log4j-api/2.17.2/log4j-api-2.17.2.jar:/Users/sadhanaindukuri/.m2/repository/org/slf4j/jul-to-slf4j/1.7.36/jul-to-slf4j-1.7.36.jar:/Users/sadhanaindukuri/.m2/repository/jakarta/annotation/jakarta.annotation-api/1.3.5/jakarta.annotation-api-1.3.5.jar:/Users/sadhanaindukuri/.m2/repository/org/yaml/snakeyaml/1.29/snakeyaml-1.29.jar:/Users/sadhanaindukuri/.m2/repository/org/springframework/spring-messaging/5.3.18/spring-messaging-5.3.18.jar:/Users/sadhanaindukuri/.m2/repository/org/springframework/spring-beans/5.3.18/spring-beans-5.3.18.jar:/Users/sadhanaindukuri/.m2/repository/org/springframework/amqp/spring-rabbit/2.4.3/spring-rabbit-2.4.3.jar:/Users/sadhanaindukuri/.m2/repository/org/springframework/amqp/spring-amqp/2.4.3/spring-amqp-2.4.3.jar:/Users/sadhanaindukuri/.m2/repository/org/springframework/retry/spring-retry/1.3.2/spring-retry-1.3.2.jar:/Users/sadhanaindukuri/.m2/repository/com/rabbitmq/amqp-client/5.13.1/amqp-client-5.13.1.jar:/Users/sadhanaindukuri/.m2/repository/org/springframework/spring-context/5.3.18/spring-context-5.3.18.jar:/Users/sadhanaindukuri/.m2/repository/org/springframework/spring-aop/5.3.18/spring-aop-5.3.18.jar:/Users/sadhanaindukuri/.m2/repository/org/springframework/spring-expression/5.3.18/spring-expression-5.3.18.jar:/Users/sadhanaindukuri/.m2/repository/org/springframework/spring-tx/5.3.18/spring-tx-5.3.18.jar:/Users/sadhanaindukuri/.m2/repository/org/springframework/boot/spring-boot-starter-test/2.6.6/spring-boot-starter-test-2.6.6.jar:/Users/sadhanaindukuri/.m2/repository/org/springframework/boot/spring-boot-test/2.6.6/spring-boot-test-2.6.6.jar:/Users/sadhanaindukuri/.m2/repository/org/springframework/boot/spring-boot-test-autoconfigure/2.6.6/spring-boot-test-autoconfigure-2.6.6.jar:/Users/sadhanaindukuri/.m2/repository/com/jayway/jsonpath/json-path/2.6.0/json-path-2.6.0.jar:/Users/sadhanaindukuri/.m2/repository/net/minidev/json-smart/2.4.8/json-smart-2.4.8.jar:/Users/sadhanaindukuri/.m2/repository/net/minidev/accessors-smart/2.4.8/accessors-smart-2.4.8.jar:/Users/sadhanaindukuri/.m2/repository/org/ow2/asm/asm/9.1/asm-9.1.jar:/Users/sadhanaindukuri/.m2/repository/org/slf4j/slf4j-api/1.7.36/slf4j-api-1.7.36.jar:/Users/sadhanaindukuri/.m2/repository/jakarta/xml/bind/jakarta.xml.bind-api/2.3.3/jakarta.xml.bind-api-2.3.3.jar:/Users/sadhanaindukuri/.m2/repository/jakarta/activation/jakarta.activation-api/1.2.2/jakarta.activation-api-1.2.2.jar:/Users/sadhanaindukuri/.m2/repository/org/assertj/assertj-core/3.21.0/assertj-core-3.21.0.jar:/Users/sadhanaindukuri/.m2/repository/org/hamcrest/hamcrest/2.2/hamcrest-2.2.jar:/Users/sadhanaindukuri/.m2/repository/org/junit/jupiter/junit-jupiter/5.8.2/junit-jupiter-5.8.2.jar:/Users/sadhanaindukuri/.m2/repository/org/junit/jupiter/junit-jupiter-api/5.8.2/junit-jupiter-api-5.8.2.jar:/Users/sadhanaindukuri/.m2/repository/org/opentest4j/opentest4j/1.2.0/opentest4j-1.2.0.jar:/Users/sadhanaindukuri/.m2/repository/org/junit/platform/junit-platform-commons/1.8.2/junit-platform-commons-1.8.2.jar:/Users/sadhanaindukuri/.m2/repository/org/apiguardian/apiguardian-api/1.1.2/apiguardian-api-1.1.2.jar:/Users/sadhanaindukuri/.m2/repository/org/junit/jupiter/junit-jupiter-params/5.8.2/junit-jupiter-params-5.8.2.jar:/Users/sadhanaindukuri/.m2/repository/org/junit/jupiter/junit-jupiter-engine/5.8.2/junit-jupiter-engine-5.8.2.jar:/Users/sadhanaindukuri/.m2/repository/org/junit/platform/junit-platform-engine/1.8.2/junit-platform-engine-1.8.2.jar:/Users/sadhanaindukuri/.m2/repository/org/mockito/mockito-core/4.0.0/mockito-core-4.0.0.jar:/Users/sadhanaindukuri/.m2/repository/net/bytebuddy/byte-buddy/1.11.22/byte-buddy-1.11.22.jar:/Users/sadhanaindukuri/.m2/repository/net/bytebuddy/byte-buddy-agent/1.11.22/byte-buddy-agent-1.11.22.jar:/Users/sadhanaindukuri/.m2/repository/org/objenesis/objenesis/3.2/objenesis-3.2.jar:/Users/sadhanaindukuri/.m2/repository/org/mockito/mockito-junit-jupiter/4.0.0/mockito-junit-jupiter-4.0.0.jar:/Users/sadhanaindukuri/.m2/repository/org/skyscreamer/jsonassert/1.5.0/jsonassert-1.5.0.jar:/Users/sadhanaindukuri/.m2/repository/com/vaadin/external/google/android-json/0.0.20131108.vaadin1/android-json-0.0.20131108.vaadin1.jar:/Users/sadhanaindukuri/.m2/repository/org/springframework/spring-core/5.3.18/spring-core-5.3.18.jar:/Users/sadhanaindukuri/.m2/repository/org/springframework/spring-jcl/5.3.18/spring-jcl-5.3.18.jar:/Users/sadhanaindukuri/.m2/repository/org/springframework/spring-test/5.3.18/spring-test-5.3.18.jar:/Users/sadhanaindukuri/.m2/repository/org/xmlunit/xmlunit-core/2.8.4/xmlunit-core-2.8.4.jar:/Users/sadhanaindukuri/.m2/repository/org/springframework/amqp/spring-rabbit-test/2.4.3/spring-rabbit-test-2.4.3.jar:/Users/sadhanaindukuri/.m2/repository/org/springframework/amqp/spring-rabbit-junit/2.4.3/spring-rabbit-junit-2.4.3.jar:/Users/sadhanaindukuri/.m2/repository/com/rabbitmq/http-client/3.12.1/http-client-3.12.1.jar:/Users/sadhanaindukuri/.m2/repository/com/fasterxml/jackson/core/jackson-databind/2.13.2.2/jackson-databind-2.13.2.2.jar:/Users/sadhanaindukuri/.m2/repository/com/fasterxml/jackson/core/jackson-annotations/2.13.2/jackson-annotations-2.13.2.jar:/Users/sadhanaindukuri/.m2/repository/com/fasterxml/jackson/core/jackson-core/2.13.2/jackson-core-2.13.2.jar:/Users/sadhanaindukuri/.m2/repository/org/codehaus/groovy/groovy/3.0.10/groovy-3.0.10.jar:/Users/sadhanaindukuri/.m2/repository/org/codehaus/groovy/groovy-json/3.0.10/groovy-json-3.0.10.jar:/Users/sadhanaindukuri/.m2/repository/org/springframework/spring-web/5.3.18/spring-web-5.3.18.jar:/Users/sadhanaindukuri/.m2/repository/org/hamcrest/hamcrest-library/2.2/hamcrest-library-2.2.jar:/Users/sadhanaindukuri/.m2/repository/org/hamcrest/hamcrest-core/2.2/hamcrest-core-2.2.jar:"/>
    <property name="java.vm.vendor" value="Eclipse Adoptium"/>
    <property name="sun.arch.data.model" value="64"/>
    <property name="java.vendor.url" value="https://adoptium.net/"/>
    <property name="user.timezone" value=""/>
    <property name="java.vm.specification.version" value="11"/>
    <property name="os.name" value="Mac OS X"/>
    <property name="sun.java.launcher" value="SUN_STANDARD"/>
    <property name="user.country" value="US"/>
    <property name="sun.boot.library.path" value="/Users/sadhanaindukuri/.sdkman/candidates/java/11.0.18-tem/lib"/>
    <property name="sun.java.command" value="/Users/sadhanaindukuri/Desktop/labs/cmpe172-sadhanaindu/labs/lab9/spring-rabbitmq-helloworld/target/surefire/surefirebooter7016765129113674550.jar /Users/sadhanaindukuri/Desktop/labs/cmpe172-sadhanaindu/labs/lab9/spring-rabbitmq-helloworld/target/surefire 2023-05-14T23-24-07_619-jvmRun1 surefire3631456146328007369tmp surefire_012462820575428409684tmp"/>
    <property name="http.nonProxyHosts" value="local|*.local|169.254/16|*.169.254/16"/>
    <property name="jdk.debug" value="release"/>
    <property name="surefire.test.class.path" value="/Users/sadhanaindukuri/Desktop/labs/cmpe172-sadhanaindu/labs/lab9/spring-rabbitmq-helloworld/target/test-classes:/Users/sadhanaindukuri/Desktop/labs/cmpe172-sadhanaindu/labs/lab9/spring-rabbitmq-helloworld/target/classes:/Users/sadhanaindukuri/.m2/repository/org/springframework/boot/spring-boot-starter-amqp/2.6.6/spring-boot-starter-amqp-2.6.6.jar:/Users/sadhanaindukuri/.m2/repository/org/springframework/boot/spring-boot-starter/2.6.6/spring-boot-starter-2.6.6.jar:/Users/sadhanaindukuri/.m2/repository/org/springframework/boot/spring-boot/2.6.6/spring-boot-2.6.6.jar:/Users/sadhanaindukuri/.m2/repository/org/springframework/boot/spring-boot-autoconfigure/2.6.6/spring-boot-autoconfigure-2.6.6.jar:/Users/sadhanaindukuri/.m2/repository/org/springframework/boot/spring-boot-starter-logging/2.6.6/spring-boot-starter-logging-2.6.6.jar:/Users/sadhanaindukuri/.m2/repository/ch/qos/logback/logback-classic/1.2.11/logback-classic-1.2.11.jar:/Users/sadhanaindukuri/.m2/repository/ch/qos/logback/logback-core/1.2.11/logback-core-1.2.11.jar:/Users/sadhanaindukuri/.m2/repository/org/apache/logging/log4j/log4j-to-slf4j/2.17.2/log4j-to-slf4j-2.17.2.jar:/Users/sadhanaindukuri/.m2/repository/org/apache/logging/log4j/log4j-api/2.17.2/log4j-api-2.17.2.jar:/Users/sadhanaindukuri/.m2/repository/org/slf4j/jul-to-slf4j/1.7.36/jul-to-slf4j-1.7.36.jar:/Users/sadhanaindukuri/.m2/repository/jakarta/annotation/jakarta.annotation-api/1.3.5/jakarta.annotation-api-1.3.5.jar:/Users/sadhanaindukuri/.m2/repository/org/yaml/snakeyaml/1.29/snakeyaml-1.29.jar:/Users/sadhanaindukuri/.m2/repository/org/springframework/spring-messaging/5.3.18/spring-messaging-5.3.18.jar:/Users/sadhanaindukuri/.m2/repository/org/springframework/spring-beans/5.3.18/spring-beans-5.3.18.jar:/Users/sadhanaindukuri/.m2/repository/org/springframework/amqp/spring-rabbit/2.4.3/spring-rabbit-2.4.3.jar:/Users/sadhanaindukuri/.m2/repository/org/springframework/amqp/spring-amqp/2.4.3/spring-amqp-2.4.3.jar:/Users/sadhanaindukuri/.m2/repository/org/springframework/retry/spring-retry/1.3.2/spring-retry-1.3.2.jar:/Users/sadhanaindukuri/.m2/repository/com/rabbitmq/amqp-client/5.13.1/amqp-client-5.13.1.jar:/Users/sadhanaindukuri/.m2/repository/org/springframework/spring-context/5.3.18/spring-context-5.3.18.jar:/Users/sadhanaindukuri/.m2/repository/org/springframework/spring-aop/5.3.18/spring-aop-5.3.18.jar:/Users/sadhanaindukuri/.m2/repository/org/springframework/spring-expression/5.3.18/spring-expression-5.3.18.jar:/Users/sadhanaindukuri/.m2/repository/org/springframework/spring-tx/5.3.18/spring-tx-5.3.18.jar:/Users/sadhanaindukuri/.m2/repository/org/springframework/boot/spring-boot-starter-test/2.6.6/spring-boot-starter-test-2.6.6.jar:/Users/sadhanaindukuri/.m2/repository/org/springframework/boot/spring-boot-test/2.6.6/spring-boot-test-2.6.6.jar:/Users/sadhanaindukuri/.m2/repository/org/springframework/boot/spring-boot-test-autoconfigure/2.6.6/spring-boot-test-autoconfigure-2.6.6.jar:/Users/sadhanaindukuri/.m2/repository/com/jayway/jsonpath/json-path/2.6.0/json-path-2.6.0.jar:/Users/sadhanaindukuri/.m2/repository/net/minidev/json-smart/2.4.8/json-smart-2.4.8.jar:/Users/sadhanaindukuri/.m2/repository/net/minidev/accessors-smart/2.4.8/accessors-smart-2.4.8.jar:/Users/sadhanaindukuri/.m2/repository/org/ow2/asm/asm/9.1/asm-9.1.jar:/Users/sadhanaindukuri/.m2/repository/org/slf4j/slf4j-api/1.7.36/slf4j-api-1.7.36.jar:/Users/sadhanaindukuri/.m2/repository/jakarta/xml/bind/jakarta.xml.bind-api/2.3.3/jakarta.xml.bind-api-2.3.3.jar:/Users/sadhanaindukuri/.m2/repository/jakarta/activation/jakarta.activation-api/1.2.2/jakarta.activation-api-1.2.2.jar:/Users/sadhanaindukuri/.m2/repository/org/assertj/assertj-core/3.21.0/assertj-core-3.21.0.jar:/Users/sadhanaindukuri/.m2/repository/org/hamcrest/hamcrest/2.2/hamcrest-2.2.jar:/Users/sadhanaindukuri/.m2/repository/org/junit/jupiter/junit-jupiter/5.8.2/junit-jupiter-5.8.2.jar:/Users/sadhanaindukuri/.m2/repository/org/junit/jupiter/junit-jupiter-api/5.8.2/junit-jupiter-api-5.8.2.jar:/Users/sadhanaindukuri/.m2/repository/org/opentest4j/opentest4j/1.2.0/opentest4j-1.2.0.jar:/Users/sadhanaindukuri/.m2/repository/org/junit/platform/junit-platform-commons/1.8.2/junit-platform-commons-1.8.2.jar:/Users/sadhanaindukuri/.m2/repository/org/apiguardian/apiguardian-api/1.1.2/apiguardian-api-1.1.2.jar:/Users/sadhanaindukuri/.m2/repository/org/junit/jupiter/junit-jupiter-params/5.8.2/junit-jupiter-params-5.8.2.jar:/Users/sadhanaindukuri/.m2/repository/org/junit/jupiter/junit-jupiter-engine/5.8.2/junit-jupiter-engine-5.8.2.jar:/Users/sadhanaindukuri/.m2/repository/org/junit/platform/junit-platform-engine/1.8.2/junit-platform-engine-1.8.2.jar:/Users/sadhanaindukuri/.m2/repository/org/mockito/mockito-core/4.0.0/mockito-core-4.0.0.jar:/Users/sadhanaindukuri/.m2/repository/net/bytebuddy/byte-buddy/1.11.22/byte-buddy-1.11.22.jar:/Users/sadhanaindukuri/.m2/repository/net/bytebuddy/byte-buddy-agent/1.11.22/byte-buddy-agent-1.11.22.jar:/Users/sadhanaindukuri/.m2/repository/org/objenesis/objenesis/3.2/objenesis-3.2.jar:/Users/sadhanaindukuri/.m2/repository/org/mockito/mockito-junit-jupiter/4.0.0/mockito-junit-jupiter-4.0.0.jar:/Users/sadhanaindukuri/.m2/repository/org/skyscreamer/jsonassert/1.5.0/jsonassert-1.5.0.jar:/Users/sadhanaindukuri/.m2/repository/com/vaadin/external/google/android-json/0.0.20131108.vaadin1/android-json-0.0.20131108.vaadin1.jar:/Users/sadhanaindukuri/.m2/repository/org/springframework/spring-core/5.3.18/spring-core-5.3.18.jar:/Users/sadhanaindukuri/.m2/repository/org/springframework/spring-jcl/5.3.18/spring-jcl-5.3.18.jar:/Users/sadhanaindukuri/.m2/repository/org/springframework/spring-test/5.3.18/spring-test-5.3.18.jar:/Users/sadhanaindukuri/.m2/repository/org/xmlunit/xmlunit-core/2.8.4/xmlunit-core-2.8.4.jar:/Users/sadhanaindukuri/.m2/repository/org/springframework/amqp/spring-rabbit-test/2.4.3/spring-rabbit-test-2.4.3.jar:/Users/sadhanaindukuri/.m2/repository/org/springframework/amqp/spring-rabbit-junit/2.4.3/spring-rabbit-junit-2.4.3.jar:/Users/sadhanaindukuri/.m2/repository/com/rabbitmq/http-client/3.12.1/http-client-3.12.1.jar:/Users/sadhanaindukuri/.m2/repository/com/fasterxml/jackson/core/jackson-databind/2.13.2.2/jackson-databind-2.13.2.2.jar:/Users/sadhanaindukuri/.m2/repository/com/fasterxml/jackson/core/jackson-annotations/2.13.2/jackson-annotations-2.13.2.jar:/Users/sadhanaindukuri/.m2/repository/com/fasterxml/jackson/core/jackson-core/2.13.2/jackson-core-2.13.2.jar:/Users/sadhanaindukuri/.m2/repository/org/codehaus/groovy/groovy/3.0.10/groovy-3.0.10.jar:/Users/sadhanaindukuri/.m2/repository/org/codehaus/groovy/groovy-json/3.0.10/groovy-json-3.0.10.jar:/Users/sadhanaindukuri/.m2/repository/org/springframework/spring-web/5.3.18/spring-web-5.3.18.jar:/Users/sadhanaindukuri/.m2/repository/org/hamcrest/hamcrest-library/2.2/hamcrest-library-2.2.jar:/Users/sadhanaindukuri/.m2/repository/org/hamcrest/hamcrest-core/2.2/hamcrest-core-2.2.jar:"/>
    <property name="sun.cpu.endian" value="little"/>
    <property name="user.home" value="/Users/sadhanaindukuri"/>
    <property name="user.language" value="en"/>
    <property name="java.specification.vendor" value="Oracle Corporation"/>
    <property name="java.version.date" value="2023-01-17"/>
    <property name="java.home" value="/Users/sadhanaindukuri/.sdkman/candidates/java/11.0.18-tem"/>
    <property name="file.separator" value="/"/>
    <property name="basedir" value="/Users/sadhanaindukuri/Desktop/labs/cmpe172-sadhanaindu/labs/lab9/spring-rabbitmq-helloworld"/>
    <property name="java.vm.compressedOopsMode" value="Zero based"/>
    <property name="line.separator" value="&#10;"/>
    <property name="java.specification.name" value="Java Platform API Specification"/>
    <property name="java.vm.specification.vendor" value="Oracle Corporation"/>
    <property name="java.awt.graphicsenv" value="sun.awt.CGraphicsEnvironment"/>
    <property name="surefire.real.class.path" value="/Users/sadhanaindukuri/Desktop/labs/cmpe172-sadhanaindu/labs/lab9/spring-rabbitmq-helloworld/target/surefire/surefirebooter7016765129113674550.jar"/>
    <property name="sun.management.compiler" value="HotSpot 64-Bit Tiered Compilers"/>
    <property name="ftp.nonProxyHosts" value="local|*.local|169.254/16|*.169.254/16"/>
    <property name="java.runtime.version" value="11.0.18+10"/>
    <property name="user.name" value="sadhanaindukuri"/>
    <property name="path.separator" value=":"/>
    <property name="os.version" value="11.3.1"/>
    <property name="java.runtime.name" value="OpenJDK Runtime Environment"/>
    <property name="file.encoding" value="UTF-8"/>
    <property name="java.vm.name" value="OpenJDK 64-Bit Server VM"/>
    <property name="java.vendor.version" value="Temurin-11.0.18+10"/>
    <property name="localRepository" value="/Users/sadhanaindukuri/.m2/repository"/>
    <property name="java.vendor.url.bug" value="https://github.com/adoptium/adoptium-support/issues"/>
    <property name="java.io.tmpdir" value="/var/folders/sz/qzl3fhcn2gsd_7wddv1lb4c40000gn/T/"/>
    <property name="java.version" value="11.0.18"/>
    <property name="user.dir" value="/Users/sadhanaindukuri/Desktop/labs/cmpe172-sadhanaindu/labs/lab9/spring-rabbitmq-helloworld"/>
    <property name="os.arch" value="x86_64"/>
    <property name="java.vm.specification.name" value="Java Virtual Machine Specification"/>
    <property name="java.awt.printerjob" value="sun.lwawt.macosx.CPrinterJob"/>
    <property name="sun.os.patch.level" value="unknown"/>
    <property name="java.library.path" value="/Users/sadhanaindukuri/Library/Java/Extensions:/Library/Java/Extensions:/Network/Library/Java/Extensions:/System/Library/Java/Extensions:/usr/lib/java:."/>
    <property name="java.vm.info" value="mixed mode"/>
    <property name="java.vendor" value="Eclipse Adoptium"/>
    <property name="java.vm.version" value="11.0.18+10"/>
    <property name="sun.io.unicode.encoding" value="UnicodeBig"/>
    <property name="java.class.version" value="55.0"/>
    <property name="socksNonProxyHosts" value="local|*.local|169.254/16|*.169.254/16"/>
  </properties>
  <testcase name="contextLoads" classname="com.example.springrabbitmqhelloworld.SpringRabbitmqHelloworldApplicationTests" time="0.354"/>
</testsuite>